0 info it worked if it ends with ok
1 verbose cli [ '/usr/local/bin/node',
1 verbose cli   '/usr/local/bin/npm',
1 verbose cli   'install',
1 verbose cli   '-g',
1 verbose cli   'ios-deploy — unsafe-perm=true' ]
2 info using npm@4.1.2
3 info using node@v7.5.0
4 silly loadCurrentTree Starting
5 silly install loadCurrentTree
6 silly install readGlobalPackageData
7 silly fetchPackageMetaData ios-deploy — unsafe-perm=true
8 silly fetchOtherPackageData ios-deploy — unsafe-perm=true
9 silly cache add args [ 'ios-deploy — unsafe-perm=true', null ]
10 verbose cache add spec ios-deploy — unsafe-perm=true
11 silly cache add parsed spec Result {
11 silly cache add   raw: 'ios-deploy — unsafe-perm=true',
11 silly cache add   scope: null,
11 silly cache add   escapedName: null,
11 silly cache add   name: null,
11 silly cache add   rawSpec: 'ios-deploy — unsafe-perm=true',
11 silly cache add   spec: '/Users/Ankita/Downloads/SyncCart-master/ios-deploy — unsafe-perm=true',
11 silly cache add   type: 'local' }
12 error addLocal Could not install /Users/Ankita/Downloads/SyncCart-master/ios-deploy — unsafe-perm=true
13 silly fetchPackageMetaData Error: ENOENT: no such file or directory, open '/Users/Ankita/Downloads/SyncCart-master/ios-deploy — unsafe-perm=true'
13 silly fetchPackageMetaData  error for ios-deploy — unsafe-perm=true { Error: ENOENT: no such file or directory, open '/Users/Ankita/Downloads/SyncCart-master/ios-deploy — unsafe-perm=true'
13 silly fetchPackageMetaData   errno: -2,
13 silly fetchPackageMetaData   code: 'ENOENT',
13 silly fetchPackageMetaData   syscall: 'open',
13 silly fetchPackageMetaData   path: '/Users/Ankita/Downloads/SyncCart-master/ios-deploy — unsafe-perm=true' }
14 silly rollbackFailedOptional Starting
15 verbose stack TypeError: Cannot read property 'path' of null
15 verbose stack     at Installer.rollbackFailedOptional (/usr/local/lib/node_modules/npm/lib/install.js:511:29)
15 verbose stack     at Array.<anonymous> (/usr/local/lib/node_modules/npm/node_modules/slide/lib/bind-actor.js:15:8)
15 verbose stack     at LOOP (/usr/local/lib/node_modules/npm/node_modules/slide/lib/chain.js:15:14)
15 verbose stack     at /usr/local/lib/node_modules/npm/node_modules/slide/lib/chain.js:18:7
15 verbose stack     at /usr/local/lib/node_modules/npm/lib/install.js:337:5
15 verbose stack     at Array.<anonymous> (/usr/local/lib/node_modules/npm/node_modules/slide/lib/bind-actor.js:15:8)
15 verbose stack     at LOOP (/usr/local/lib/node_modules/npm/node_modules/slide/lib/chain.js:15:14)
15 verbose stack     at chain (/usr/local/lib/node_modules/npm/node_modules/slide/lib/chain.js:20:5)
15 verbose stack     at /usr/local/lib/node_modules/npm/lib/install.js:294:5
15 verbose stack     at /usr/local/lib/node_modules/npm/node_modules/slide/lib/chain.js:16:22
16 verbose cwd /Users/Ankita/Downloads/SyncCart-master
17 error Darwin 17.2.0
18 error argv "/usr/local/bin/node" "/usr/local/bin/npm" "install" "-g" "ios-deploy — unsafe-perm=true"
19 error node v7.5.0
20 error npm  v4.1.2
21 error Cannot read property 'path' of null
22 error If you need help, you may report this error at:
22 error     <https://github.com/npm/npm/issues>
23 verbose exit [ 1, true ]
